This is pdfTeX, Version 3.14159265-2.6-1.40.17 (MiKTeX 2.9.6210 64-bit) (preloaded format=pdflatex 2017.3.27)  5 NOV 2017 20:46
entering extended mode
**C:/Users/Matthew/Documents/RSI/project/VisualSearchModel/outdata/graphcompare
.py

(C:/Users/Matthew/Documents/RSI/project/VisualSearchModel/outdata/graphcompare.
py
LaTeX2e <2017/01/01> patch level 1
Babel <3.9r> and hyphenation patterns for 75 language(s) loaded.

! LaTeX Error: Missing \begin{document}.

See the LaTeX manual or LaTeX Companion for explanation.
Type  H <return>  for immediate help.
 ...                                              
                                                  
l.1 i
     mport sys 
Here is how much of TeX's memory you used:
 9 strings out of 493333
 441 string characters out of 3139188
 53255 words of memory out of 3000000
 3636 multiletter control sequences out of 15000+200000
 3640 words of font info for 14 fonts, out of 3000000 for 9000
 1141 hyphenation exceptions out of 8191
 5i,0n,4p,94b,14s stack positions out of 5000i,500n,10000p,200000b,50000s

!  ==> Fatal error occurred, no output PDF file produced!
